<?xml version="1.0" encoding="UTF-8"?>
<!-- Generated by org.testng.reporters.JUnitReportReporter -->
<testsuite hostname="Wariss-MBP.lan" failures="0" tests="1" name="com.cucumber.runner.RunnerFile2" time="11.369" errors="0" timestamp="2022-02-21T05:08:28 EST" skipped="0">
  <testcase classname="com.cucumber.runner.RunnerFile2" name="runScenario" time="11.369"/>
  <system-out/>
</testsuite> <!-- com.cucumber.runner.RunnerFile2 -->
