<?xml version="1.0" encoding="UTF-8"?>
<!-- Generated by org.testng.reporters.JUnitReportReporter -->
<testsuite hostname="Wariss-MBP.lan" failures="0" tests="1" name="com.cucumber.runner.RunnerFile" time="10.100" errors="0" timestamp="2022-02-16T17:02:34 EST" skipped="0">
  <testcase classname="com.cucumber.runner.RunnerFile" name="runScenario" time="10.100"/>
  <system-out/>
</testsuite> <!-- com.cucumber.runner.RunnerFile -->
